This file contains any messages produced by compilers while
running configure, to aid debugging if configure makes a mistake.

It was created by DDPT configure version-1.0, which was
generated by GNU Autoconf 2.65.  Invocation command line was

  $ ./configure 

## --------- ##
## Platform. ##
## --------- ##

hostname = teaching0
uname -m = x86_64
uname -r = 4.15.0-118-generic
uname -s = Linux
uname -v = #119-Ubuntu SMP Tue Sep 8 12:30:01 UTC 2020

/usr/bin/uname -p = unknown
/bin/uname -X     = unknown

/bin/arch              = unknown
/usr/bin/arch -k       = unknown
/usr/convex/getsysinfo = unknown
/usr/bin/hostinfo      = unknown
/bin/machine           = unknown
/usr/bin/oslevel       = unknown
/bin/universe          = unknown

PATH: /opt/york/phys/net/Modules/castep/18.1/1/openmpi-2.1.1-Ubuntu-18.04/.
PATH: /opt/york/phys/pkg/Modules/openmpi/2.1.1/1/gcc-5.4.0//bin
PATH: /home/userfs/c/cah577/mysw/DDPT
PATH: /home/userfs/c/cah577/.nvm/versions/node/v11.0.0/bin
PATH: /opt/ros/melodic/bin
PATH: /opt/york/its/hdd/bin
PATH: /opt/york/its/net/bin
PATH: /usr/local/sbin
PATH: /usr/local/bin
PATH: /usr/sbin
PATH: /usr/bin
PATH: /sbin
PATH: /bin
PATH: /usr/games
PATH: /usr/local/games
PATH: /snap/bin
PATH: /opt/puppetlabs/bin


## ----------- ##
## Core tests. ##
## ----------- ##

configure:1697: DDPT configuration script
configure:1807: checking for Fortran compiler version
configure:1816: /usr/bin/gfortran --version >&5
GNU Fortran (Ubuntu 7.5.0-3ubuntu1~18.04) 7.5.0
Copyright (C) 2017 Free Software Foundation, Inc.
This is free software; see the source for copying conditions.  There is NO
warranty; not even for MERCHANTABILITY or FITNESS FOR A PARTICULAR PURPOSE.

configure:1827: $? = 0
configure:1816: /usr/bin/gfortran -v >&5
Using built-in specs.
COLLECT_GCC=/usr/bin/gfortran
COLLECT_LTO_WRAPPER=/usr/lib/gcc/x86_64-linux-gnu/7/lto-wrapper
OFFLOAD_TARGET_NAMES=nvptx-none
OFFLOAD_TARGET_DEFAULT=1
Target: x86_64-linux-gnu
Configured with: ../src/configure -v --with-pkgversion='Ubuntu 7.5.0-3ubuntu1~18.04' --with-bugurl=file:///usr/share/doc/gcc-7/README.Bugs --enable-languages=c,ada,c++,go,brig,d,fortran,objc,obj-c++ --prefix=/usr --with-gcc-major-version-only --program-suffix=-7 --program-prefix=x86_64-linux-gnu- --enable-shared --enable-linker-build-id --libexecdir=/usr/lib --without-included-gettext --enable-threads=posix --libdir=/usr/lib --enable-nls --enable-bootstrap --enable-clocale=gnu --enable-libstdcxx-debug --enable-libstdcxx-time=yes --with-default-libstdcxx-abi=new --enable-gnu-unique-object --disable-vtable-verify --enable-libmpx --enable-plugin --enable-default-pie --with-system-zlib --with-target-system-zlib --enable-objc-gc=auto --enable-multiarch --disable-werror --with-arch-32=i686 --with-abi=m64 --with-multilib-list=m32,m64,mx32 --enable-multilib --with-tune=generic --enable-offload-targets=nvptx-none --without-cuda-driver --enable-checking=release --build=x86_64-linux-gnu --host=x86_64-linux-gnu --target=x86_64-linux-gnu
Thread model: posix
gcc version 7.5.0 (Ubuntu 7.5.0-3ubuntu1~18.04) 
configure:1827: $? = 0
configure:1816: /usr/bin/gfortran -V >&5
gfortran: error: unrecognized command line option '-V'
gfortran: fatal error: no input files
compilation terminated.
configure:1827: $? = 1
configure:1816: /usr/bin/gfortran -qversion >&5
gfortran: error: unrecognized command line option '-qversion'; did you mean '--version'?
gfortran: fatal error: no input files
compilation terminated.
configure:1827: $? = 1
configure:1842: checking whether the Fortran compiler works
configure:1864: /usr/bin/gfortran    conftest.f  >&5
configure:1868: $? = 0
configure:1917: result: yes
configure:1920: checking for Fortran compiler default output file name
configure:1922: result: a.out
configure:1928: checking for suffix of executables
configure:1935: /usr/bin/gfortran -o conftest    conftest.f  >&5
configure:1939: $? = 0
configure:1961: result: 
configure:1977: checking whether we are cross compiling
configure:1985: /usr/bin/gfortran -o conftest    conftest.f  >&5
configure:1989: $? = 0
configure:1996: ./conftest
configure:2000: $? = 0
configure:2015: result: no
configure:2020: checking for suffix of object files
configure:2036: /usr/bin/gfortran -c   conftest.f >&5
configure:2040: $? = 0
configure:2061: result: o
configure:2069: checking whether we are using the GNU Fortran compiler
configure:2082: /usr/bin/gfortran -c   conftest.F >&5
configure:2082: $? = 0
configure:2091: result: yes
configure:2097: checking whether /usr/bin/gfortran accepts -g
configure:2108: /usr/bin/gfortran -c -g  conftest.f >&5
configure:2108: $? = 0
configure:2116: result: yes
configure:2288: creating ./config.status

## ---------------------- ##
## Running config.status. ##
## ---------------------- ##

This file was extended by DDPT config.status version-1.0, which was
generated by GNU Autoconf 2.65.  Invocation command line was

  CONFIG_FILES    = 
  CONFIG_HEADERS  = 
  CONFIG_LINKS    = 
  CONFIG_COMMANDS = 
  $ ./config.status 

on teaching0

config.status:723: creating ./sourcecode/Makefile

## ---------------- ##
## Cache variables. ##
## ---------------- ##

ac_cv_env_FCFLAGS_set=
ac_cv_env_FCFLAGS_value=
ac_cv_env_FC_set=set
ac_cv_env_FC_value=/usr/bin/gfortran
ac_cv_env_LDFLAGS_set=
ac_cv_env_LDFLAGS_value=
ac_cv_env_LIBS_set=
ac_cv_env_LIBS_value=
ac_cv_env_build_alias_set=
ac_cv_env_build_alias_value=
ac_cv_env_host_alias_set=
ac_cv_env_host_alias_value=
ac_cv_env_target_alias_set=
ac_cv_env_target_alias_value=
ac_cv_fc_compiler_gnu=yes
ac_cv_objext=o
ac_cv_prog_fc_g=yes

## ----------------- ##
## Output variables. ##
## ----------------- ##

DEFS='-DPACKAGE_NAME=\"DDPT\" -DPACKAGE_TARNAME=\"ddpt\" -DPACKAGE_VERSION=\"version-1.0\" -DPACKAGE_STRING=\"DDPT\ version-1.0\" -DPACKAGE_BUGREPORT=\"\" -DPACKAGE_URL=\"\"'
ECHO_C=''
ECHO_N='-n'
ECHO_T=''
EXEEXT=''
FC='/usr/bin/gfortran'
FCFLAGS='-g -O2'
LDFLAGS=''
LIBOBJS=''
LIBS=''
LTLIBOBJS=''
OBJEXT='o'
PACKAGE_BUGREPORT=''
PACKAGE_NAME='DDPT'
PACKAGE_STRING='DDPT version-1.0'
PACKAGE_TARNAME='ddpt'
PACKAGE_URL=''
PACKAGE_VERSION='version-1.0'
PATH_SEPARATOR=':'
SHELL='/bin/bash'
ac_ct_FC=''
bindir='${exec_prefix}/bin'
build_alias=''
datadir='${datarootdir}'
datarootdir='${prefix}/share'
docdir='${datarootdir}/doc/${PACKAGE_TARNAME}'
dvidir='${docdir}'
exec_prefix='${prefix}'
host_alias=''
htmldir='${docdir}'
includedir='${prefix}/include'
infodir='${datarootdir}/info'
libdir='${exec_prefix}/lib'
libexecdir='${exec_prefix}/libexec'
localedir='${datarootdir}/locale'
localstatedir='${prefix}/var'
mandir='${datarootdir}/man'
oldincludedir='/usr/include'
pdfdir='${docdir}'
pre=''
prefix='/usr/local'
program_transform_name='s,x,x,'
psdir='${docdir}'
sbindir='${exec_prefix}/sbin'
sharedstatedir='${prefix}/com'
suf=''
sysconfdir='${prefix}/etc'
target_alias=''

## ----------- ##
## confdefs.h. ##
## ----------- ##

/* confdefs.h */
#define PACKAGE_NAME "DDPT"
#define PACKAGE_TARNAME "ddpt"
#define PACKAGE_VERSION "version-1.0"
#define PACKAGE_STRING "DDPT version-1.0"
#define PACKAGE_BUGREPORT ""
#define PACKAGE_URL ""

configure: exit 0
